Using pre-set license

 COMMAND LINE ARGUMENTS:
/Applications/Unity/Hub/Editor/2020.3.14f1/Unity.app/Contents/MacOS/Unity
-adb2
-batchMode
-noUpm
-name
AssetImportWorker0
-projectPath
/Users/ivanzilenkov/GIT/monster_hunter
-logFile
Logs/AssetImportWorker0.log
-srvPort
55697
Successfully changed project path to: /Users/ivanzilenkov/GIT/monster_hunter
/Users/ivanzilenkov/GIT/monster_hunter
Using Asset Import Pipeline V2.
Refreshing native plugins compatible for Editor in 53.82 ms, found 2 plugins.
Preloading 0 native plugins for Editor in 0.00 ms.
Initialize engine version: 2020.3.14f1 (d0d1bb862f9d)
[Subsystems] Discovering subsystems at path /Applications/Unity/Hub/Editor/2020.3.14f1/Unity.app/Contents/Resources/UnitySubsystems
[Subsystems] Discovering subsystems at path /Users/ivanzilenkov/GIT/monster_hunter/Assets
GfxDevice: creating device client; threaded=0
2021-07-15 19:43:17.388 Unity[16297:859273] Color LCD preferred device: Intel(R) Iris(TM) Plus Graphics 655 (low power)
2021-07-15 19:43:17.388 Unity[16297:859273] Metal devices available: 1
2021-07-15 19:43:17.388 Unity[16297:859273] 0: Intel(R) Iris(TM) Plus Graphics 655 (low power)
2021-07-15 19:43:17.388 Unity[16297:859273] Using device Intel(R) Iris(TM) Plus Graphics 655 (low power)
Initializing Metal device caps: Intel(R) Iris(TM) Plus Graphics 655
Initialize mono
Mono path[0] = '/Applications/Unity/Hub/Editor/2020.3.14f1/Unity.app/Contents/Managed'
Mono path[1] = '/Applications/Unity/Hub/Editor/2020.3.14f1/Unity.app/Contents/MonoBleedingEdge/lib/mono/unityjit'
Mono config path = '/Applications/Unity/Hub/Editor/2020.3.14f1/Unity.app/Contents/MonoBleedingEdge/etc'
Using monoOptions --debugger-agent=transport=dt_socket,embedding=1,server=y,suspend=n,address=127.0.0.1:56297
Begin MonoManager ReloadAssembly
Registering precompiled unity dll's ...
Register platform support module: /Applications/Unity/Hub/Editor/2020.3.14f1/Unity.app/Contents/PlaybackEngines/MacStandaloneSupport/UnityEditor.OSXStandalone.Extensions.dll
Register platform support module: /Applications/Unity/Hub/Editor/2020.3.14f1/PlaybackEngines/WindowsStandaloneSupport/UnityEditor.WindowsStandalone.Extensions.dll
Registered in 0.000792 seconds.
Native extension for WindowsStandalone target not found
Native extension for OSXStandalone target not found
Refreshing native plugins compatible for Editor in 41.35 ms, found 2 plugins.
Preloading 0 native plugins for Editor in 0.00 ms.
Mono: successfully reloaded assembly
- Completed reload, in  2.429 seconds
Domain Reload Profiling:
	ReloadAssembly (2429ms)
		BeginReloadAssembly (60ms)
			ExecutionOrderSort (0ms)
			DisableScriptedObjects (0ms)
			BackupInstance (0ms)
			ReleaseScriptingObjects (0ms)
			CreateAndSetChildDomain (1ms)
		EndReloadAssembly (561ms)
			LoadAssemblies (61ms)
			RebuildTransferFunctionScriptingTraits (0ms)
			SetupTypeCache (225ms)
			ReleaseScriptCaches (0ms)
			RebuildScriptCaches (47ms)
			SetupLoadedEditorAssemblies (221ms)
				LogAssemblyErrors (0ms)
				InitializePlatformSupportModulesInManaged (5ms)
				SetLoadedEditorAssemblies (0ms)
				RefreshPlugins (41ms)
				BeforeProcessingInitializeOnLoad (30ms)
				ProcessInitializeOnLoadAttributes (113ms)
				ProcessInitializeOnLoadMethodAttributes (32ms)
				AfterProcessingInitializeOnLoad (0ms)
				EditorAssembliesLoaded (0ms)
			ExecutionOrderSort2 (0ms)
			AwakeInstancesAfterBackupRestoration (0ms)
Platform modules already initialized, skipping
Registering precompiled user dll's ...
Registered in 0.002199 seconds.
Begin MonoManager ReloadAssembly
Native extension for WindowsStandalone target not found
Native extension for OSXStandalone target not found
Refreshing native plugins compatible for Editor in 0.69 ms, found 2 plugins.
Preloading 0 native plugins for Editor in 0.00 ms.
Mono: successfully reloaded assembly
- Completed reload, in  1.400 seconds
Domain Reload Profiling:
	ReloadAssembly (1402ms)
		BeginReloadAssembly (190ms)
			ExecutionOrderSort (0ms)
			DisableScriptedObjects (6ms)
			BackupInstance (0ms)
			ReleaseScriptingObjects (0ms)
			CreateAndSetChildDomain (41ms)
		EndReloadAssembly (1138ms)
			LoadAssemblies (91ms)
			RebuildTransferFunctionScriptingTraits (0ms)
			SetupTypeCache (400ms)
			ReleaseScriptCaches (1ms)
			RebuildScriptCaches (67ms)
			SetupLoadedEditorAssemblies (441ms)
				LogAssemblyErrors (0ms)
				InitializePlatformSupportModulesInManaged (6ms)
				SetLoadedEditorAssemblies (1ms)
				RefreshPlugins (1ms)
				BeforeProcessingInitializeOnLoad (93ms)
				ProcessInitializeOnLoadAttributes (295ms)
				ProcessInitializeOnLoadMethodAttributes (43ms)
				AfterProcessingInitializeOnLoad (1ms)
				EditorAssembliesLoaded (0ms)
			ExecutionOrderSort2 (0ms)
			AwakeInstancesAfterBackupRestoration (9ms)
Platform modules already initialized, skipping
========================================================================
Worker process is ready to serve import requests
Launching external process: /Applications/Unity/Hub/Editor/2020.3.14f1/Unity.app/Contents/Tools/UnityShaderCompiler
Launched and connected shader compiler UnityShaderCompiler after 0.01 seconds
Refreshing native plugins compatible for Editor in 1.14 ms, found 2 plugins.
Preloading 0 native plugins for Editor in 0.00 ms.
Unloading 1972 Unused Serialized files (Serialized files now loaded: 0)
System memory in use before: 154.7 MB.
System memory in use after: 154.8 MB.

Unloading 58 unused Assets to reduce memory usage. Loaded Objects now: 2377.
Total: 5.333644 ms (FindLiveObjects: 0.209100 ms CreateObjectMapping: 0.076859 ms MarkObjects: 4.970340 ms  DeleteObjects: 0.076302 ms)

AssetImportParameters requested are different than current active one (requested -> active):
  custom:video-decoder-ogg-theora: a1e56fd34408186e4bbccfd4996cb3dc -> 
  custom:container-muxer-webm: aa71ff27fc2769a1b78a27578f13a17b -> 
  custom:container-demuxer-webm: 4f35f7cbe854078d1ac9338744f61a02 -> 
  custom:container-demuxer-ogg: 62fdf1f143b41e24485cea50d1cbac27 -> 
  custom:video-encoder-webm-vp8: eb34c28f22e8b96e1ab97ce403110664 -> 
  custom:framework-osx-AVFoundation: b23960f63f64bdc6ff669e2cdcee2391 -> 
  custom:video-decoder-webm-vp8: 9c59270c3fd7afecdb556c50c9e8de78 -> 
  custom:audio-decoder-ogg-vorbis: bf7c407c2cedff20999df2af8eb42d56 -> 
  custom:audio-encoder-webm-vorbis: bf7c407c2cedff20999df2af8eb42d56 -> 
========================================================================
Received Import Request.
  path: Assets/BusinessLogic/Scenes/Common/EventBlock.prefab
  artifactKey: Guid(b9ff81795975a476696b5aa8abbb6e08) Importer(815301076,1909f56bfc062723c751e8b465ee728b)
Start importing Assets/BusinessLogic/Scenes/Common/EventBlock.prefab using Guid(b9ff81795975a476696b5aa8abbb6e08) Importer(815301076,1909f56bfc062723c751e8b465ee728b)  -> (artifact id: 'c0155f3927d31cfbaab1466a41f4c285') in 0.383805 seconds 
  Import took 0.386908 seconds .

========================================================================
Received Import Request.
  Time since last request: 0.000282 seconds.
  path: Assets/BusinessLogic/Scenes/Common/Ground.prefab
  artifactKey: Guid(1614f6672fe94452d98acb9209f4249d) Importer(815301076,1909f56bfc062723c751e8b465ee728b)
Start importing Assets/BusinessLogic/Scenes/Common/Ground.prefab using Guid(1614f6672fe94452d98acb9209f4249d) Importer(815301076,1909f56bfc062723c751e8b465ee728b)  -> (artifact id: '29f2e9f555cf20536928881c97903c28') in 0.009012 seconds 
  Import took 0.011866 seconds .

========================================================================
Received Import Request.
  Time since last request: 0.000352 seconds.
  path: Assets/BusinessLogic/Scenes/Common/LevelChanger.prefab
  artifactKey: Guid(21221b70a14804f5d9516a275e0a5b0b) Importer(815301076,1909f56bfc062723c751e8b465ee728b)
Start importing Assets/BusinessLogic/Scenes/Common/LevelChanger.prefab using Guid(21221b70a14804f5d9516a275e0a5b0b) Importer(815301076,1909f56bfc062723c751e8b465ee728b)  -> (artifact id: 'c908b7661083488d510bd43c2d9e60ff') in 0.013991 seconds 
  Import took 0.017399 seconds .

========================================================================
Received Import Request.
  Time since last request: 0.000227 seconds.
  path: Assets/BusinessLogic/Scenes/Common/LightBlock.prefab
  artifactKey: Guid(39d99a88d2757473b884f3ab07c68371) Importer(815301076,1909f56bfc062723c751e8b465ee728b)
Start importing Assets/BusinessLogic/Scenes/Common/LightBlock.prefab using Guid(39d99a88d2757473b884f3ab07c68371) Importer(815301076,1909f56bfc062723c751e8b465ee728b)  -> (artifact id: '8b048ff32f82ee3036f4fba0eab37fd4') in 0.013389 seconds 
  Import took 0.017428 seconds .

